{"name": "test_discover[input_question=Where did Enoch David Lal Graduate from? and Type=unstructured]", "status": "broken", "statusDetails": {"message": "selenium.common.exceptions.TimeoutException: Message: \nStacktrace:\n\tGetHandleVerifier [0x00007FF624D8EEA2+31554]\n\t(No symbol) [0x00007FF624D07ED9]\n\t(No symbol) [0x00007FF624BC872A]\n\t(No symbol) [0x00007FF624C18434]\n\t(No symbol) [0x00007FF624C1853C]\n\t(No symbol) [0x00007FF624C5F6A7]\n\t(No symbol) [0x00007FF624C3D06F]\n\t(No symbol) [0x00007FF624C5C977]\n\t(No symbol) [0x00007FF624C3CDD3]\n\t(No symbol) [0x00007FF624C0A33B]\n\t(No symbol) [0x00007FF624C0AED1]\n\tGetHandleVerifier [0x00007FF625098B1D+3217341]\n\tGetHandleVerifier [0x00007FF6250E5AE3+3532675]\n\tGetHandleVerifier [0x00007FF6250DB0E0+3489152]\n\tGetHandleVerifier [0x00007FF624E3E776+750614]\n\t(No symbol) [0x00007FF624D1375F]\n\t(No symbol) [0x00007FF624D0EB14]\n\t(No symbol) [0x00007FF624D0ECA2]\n\t(No symbol) [0x00007FF624CFE16F]\n\tBaseThreadInitThunk [0x00007FFA8940257D+29]\n\tRtlUserThreadStart [0x00007FFA8AA2AF28+40]", "trace": "driver = <selenium.webdriver.chrome.webdriver.WebDriver (session=\"d6ed273c95f52452a561fc1810e7398a\")>\ndata = {'input_question': 'Where did Enoch David Lal Graduate from?', 'type': 'unstructured'}\n\n    @pytest.mark.parametrize(\"data\", load_test_data(), ids=generate_test_id)\n    @retry_on_failure(retries=2, wait_time=7)\n    def test_discover(driver, data):\n        input_questions = data['input_question']\n        question_type = data['type']\n        expected_answer = data.get('expected_answer')  # Get expected_answer if it exists\n    \n        time.sleep(3)\n        click_element(driver, Page_Locators.NEW_SESSION_BUTTON)\n        time.sleep(4)\n>       text_box = wait_for_element(driver, Page_Locators.TEXT_BOX)\n\ntestcases\\test_discover.py:37: \n_ _ _ _ _ _ _ _ _ _ _ _ _ _ _ _ _ _ _ _ _ _ _ _ _ _ _ _ _ _ _ _ _ _ _ _ _ _ _ _ _ _ _ _ _ _ _ _ _ _ _ _ _ _ _ _ _ _ _ _ _ _ _ _ _ _ _ _ _ _ _ _ _ _ _ _ _ _ _ _ _ _ _ _ _ _ _ _ _ _\nutilities\\utils.py:31: in wait_for_element\n    return WebDriverWait(driver, timeout).until(EC.presence_of_element_located(locator))\n_ _ _ _ _ _ _ _ _ _ _ _ _ _ _ _ _ _ _ _ _ _ _ _ _ _ _ _ _ _ _ _ _ _ _ _ _ _ _ _ _ _ _ _ _ _ _ _ _ _ _ _ _ _ _ _ _ _ _ _ _ _ _ _ _ _ _ _ _ _ _ _ _ _ _ _ _ _ _ _ _ _ _ _ _ _ _ _ _ _\n\nself = <selenium.webdriver.support.wait.WebDriverWait (session=\"d6ed273c95f52452a561fc1810e7398a\")>\nmethod = <function presence_of_element_located.<locals>._predicate at 0x0000023AE7BF0220>, message = ''\n\n    def until(self, method: Callable[[D], Union[Literal[False], T]], message: str = \"\") -> T:\n        \"\"\"Calls the method provided with the driver as an argument until the \\\n        return value does not evaluate to ``False``.\n    \n        :param method: callable(WebDriver)\n        :param message: optional message for :exc:`TimeoutException`\n        :returns: the result of the last call to `method`\n        :raises: :exc:`selenium.common.exceptions.TimeoutException` if timeout occurs\n        \"\"\"\n        screen = None\n        stacktrace = None\n    \n        end_time = time.monotonic() + self._timeout\n        while True:\n            try:\n                value = method(self._driver)\n                if value:\n                    return value\n            except self._ignored_exceptions as exc:\n                screen = getattr(exc, \"screen\", None)\n                stacktrace = getattr(exc, \"stacktrace\", None)\n            time.sleep(self._poll)\n            if time.monotonic() > end_time:\n                break\n>       raise TimeoutException(message, screen, stacktrace)\nE       selenium.common.exceptions.TimeoutException: Message: \nE       Stacktrace:\nE       \tGetHandleVerifier [0x00007FF624D8EEA2+31554]\nE       \t(No symbol) [0x00007FF624D07ED9]\nE       \t(No symbol) [0x00007FF624BC872A]\nE       \t(No symbol) [0x00007FF624C18434]\nE       \t(No symbol) [0x00007FF624C1853C]\nE       \t(No symbol) [0x00007FF624C5F6A7]\nE       \t(No symbol) [0x00007FF624C3D06F]\nE       \t(No symbol) [0x00007FF624C5C977]\nE       \t(No symbol) [0x00007FF624C3CDD3]\nE       \t(No symbol) [0x00007FF624C0A33B]\nE       \t(No symbol) [0x00007FF624C0AED1]\nE       \tGetHandleVerifier [0x00007FF625098B1D+3217341]\nE       \tGetHandleVerifier [0x00007FF6250E5AE3+3532675]\nE       \tGetHandleVerifier [0x00007FF6250DB0E0+3489152]\nE       \tGetHandleVerifier [0x00007FF624E3E776+750614]\nE       \t(No symbol) [0x00007FF624D1375F]\nE       \t(No symbol) [0x00007FF624D0EB14]\nE       \t(No symbol) [0x00007FF624D0ECA2]\nE       \t(No symbol) [0x00007FF624CFE16F]\nE       \tBaseThreadInitThunk [0x00007FFA8940257D+29]\nE       \tRtlUserThreadStart [0x00007FFA8AA2AF28+40]\n\n..\\..\\..\\PycharmProjects\\API_Testing_Practise\\pythonProject\\.venv\\Lib\\site-packages\\selenium\\webdriver\\support\\wait.py:105: TimeoutException"}, "attachments": [{"name": "log", "source": "908816ec-12d6-41f2-b248-95cec0cdf0a2-attachment.txt", "type": "text/plain"}], "parameters": [{"name": "data", "value": "{'input_question': 'Where did Enoch David Lal Graduate from?', 'type': 'unstructured'}"}], "start": 1720081511801, "stop": 1720081596092, "uuid": "4bc5e9cd-f162-49ab-a5e7-4929d2cbdd1f", "historyId": "89721338731aedee9c4f7b8c6548a659", "testCaseId": "2736d3b0ad48a98575ee7d13973c5285", "fullName": "testcases.test_discover#test_discover", "labels": [{"name": "parentSuite", "value": "testcases"}, {"name": "suite", "value": "test_discover"}, {"name": "host", "value": "LAPTOP-58GTJBDF"}, {"name": "thread", "value": "21008-MainThread"}, {"name": "framework", "value": "pytest"}, {"name": "language", "value": "cpython3"}, {"name": "package", "value": "testcases.test_discover"}]}